{"name":"createNewAccount","status":"skipped","statusDetails":{"known":false,"muted":false,"flaky":false,"message":"java.io.FileNotFoundException: C:\\Users\\habdelrahma2\\eclipse-workspace2\\AutomationTask\\Source\\TestData\\TestData.xlsx (The system cannot find the file specified)","trace":"java.lang.RuntimeException: java.io.FileNotFoundException: C:\\Users\\habdelrahma2\\eclipse-workspace2\\AutomationTask\\Source\\TestData\\TestData.xlsx (The system cannot find the file specified)\r\n\tat org.testng.internal.MethodInvocationHelper.invokeMethodNoCheckedException(MethodInvocationHelper.java:51)\r\n\tat org.testng.internal.MethodInvocationHelper.invokeDataProvider(MethodInvocationHelper.java:147)\r\n\tat org.testng.internal.Parameters.handleParameters(Parameters.java:801)\r\n\tat org.testng.internal.Parameters.handleParameters(Parameters.java:744)\r\n\tat org.testng.internal.ParameterHandler.handleParameters(ParameterHandler.java:59)\r\n\tat org.testng.internal.ParameterHandler.createParameters(ParameterHandler.java:38)\r\n\tat org.testng.internal.TestInvoker$MethodInvocationAgent.invoke(TestInvoker.java:783)\r\n\tat org.testng.internal.TestInvoker.invokeTestMethods(TestInvoker.java:146)\r\n\tat org.testng.internal.TestMethodWorker.invokeTestMethods(TestMethodWorker.java:146)\r\n\tat org.testng.internal.TestMethodWorker.run(TestMethodWorker.java:128)\r\n\tat java.util.ArrayList.forEach(ArrayList.java:1257)\r\n\tat org.testng.TestRunner.privateRun(TestRunner.java:766)\r\n\tat org.testng.TestRunner.run(TestRunner.java:587)\r\n\tat org.testng.SuiteRunner.runTest(SuiteRunner.java:384)\r\n\tat org.testng.SuiteRunner.runSequentially(SuiteRunner.java:378)\r\n\tat org.testng.SuiteRunner.privateRun(SuiteRunner.java:337)\r\n\tat org.testng.SuiteRunner.run(SuiteRunner.java:286)\r\n\tat org.testng.SuiteRunnerWorker.runSuite(SuiteRunnerWorker.java:53)\r\n\tat org.testng.SuiteRunnerWorker.run(SuiteRunnerWorker.java:96)\r\n\tat org.testng.TestNG.runSuitesSequentially(TestNG.java:1187)\r\n\tat org.testng.TestNG.runSuitesLocally(TestNG.java:1109)\r\n\tat org.testng.TestNG.runSuites(TestNG.java:1039)\r\n\tat org.testng.TestNG.run(TestNG.java:1007)\r\n\tat org.testng.remote.AbstractRemoteTestNG.run(AbstractRemoteTestNG.java:115)\r\n\tat org.testng.remote.RemoteTestNG.initAndRun(RemoteTestNG.java:251)\r\n\tat org.testng.remote.RemoteTestNG.main(RemoteTestNG.java:77)\r\nCaused by: java.io.FileNotFoundException: C:\\Users\\habdelrahma2\\eclipse-workspace2\\AutomationTask\\Source\\TestData\\TestData.xlsx (The system cannot find the file specified)\r\n\tat java.io.FileInputStream.open0(Native Method)\r\n\tat java.io.FileInputStream.open(FileInputStream.java:195)\r\n\tat java.io.FileInputStream.<init>(FileInputStream.java:138)\r\n\tat java.io.FileInputStream.<init>(FileInputStream.java:93)\r\n\tat TestData.TestData.OpenExcelFile(TestData.java:35)\r\n\tat TestData.TestData.fetchData(TestData.java:127)\r\n\tat TestCases.PlaceOrder_TCs.createNewAccount_dataProvider(PlaceOrder_TCs.java:67)\r\n\tat sun.reflect.NativeMethodAccessorImpl.invoke0(Native Method)\r\n\tat sun.reflect.NativeMethodAccessorImpl.invoke(NativeMethodAccessorImpl.java:62)\r\n\tat sun.reflect.DelegatingMethodAccessorImpl.invoke(DelegatingMethodAccessorImpl.java:43)\r\n\tat java.lang.reflect.Method.invoke(Method.java:498)\r\n\tat org.testng.internal.MethodInvocationHelper.invokeMethod(MethodInvocationHelper.java:134)\r\n\tat org.testng.internal.MethodInvocationHelper.invokeMethod(MethodInvocationHelper.java:78)\r\n\tat org.testng.internal.MethodInvocationHelper.invokeMethodNoCheckedException(MethodInvocationHelper.java:47)\r\n\t... 25 more\r\n"},"stage":"finished","description":"Create account with valid data","steps":[],"attachments":[],"parameters":[],"start":1622817458068,"stop":1622817458117,"uuid":"6fc8be18-a4ff-4261-be93-e1e77698fbbf","historyId":"c5fb69ec5211fd5eba2f037be687e0c9","fullName":"TestCases.PlaceOrder_TCs.createNewAccount","labels":[{"name":"package","value":"TestCases.PlaceOrder_TCs"},{"name":"testClass","value":"TestCases.PlaceOrder_TCs"},{"name":"testMethod","value":"createNewAccount"},{"name":"parentSuite","value":"Suite"},{"name":"suite","value":"Test"},{"name":"subSuite","value":"TestCases.PlaceOrder_TCs"},{"name":"host","value":"EG5CG8352J1V"},{"name":"thread","value":"74264@EG5CG8352J1V.main(1)"},{"name":"framework","value":"testng"},{"name":"language","value":"java"},{"name":"severity","value":"blocker"}],"links":[]}